<?xml version="1.0" encoding="UTF-8"?>
<testsuites name="jest tests" tests="1" failures="0" errors="0" time="0.757">
  <testsuite name="undefined" errors="0" failures="0" skipped="0" timestamp="2025-10-21T09:30:19" time="0.683" tests="1">
    <testcase classname=" GET /" name=" GET /" time="0.04">
    </testcase>
  </testsuite>
</testsuites>